[INFO] - 2022-12-01 16:11:22,210 - Agent - : 411 512x768 bpsp= 2.883 Enc/Dec-Times:0.577/0.628 (Check: Decoded img matches original) in /media/research/DL-Pytorch-1/LearnedCompressionLLICTInterp/agents/llicti_agent.py:205
[INFO] - 2022-12-01 16:11:23,168 - Agent - : 412 576x768 bpsp= 1.974 Enc/Dec-Times:0.437/0.503 (Check: Decoded img matches original) in /media/research/DL-Pytorch-1/LearnedCompressionLLICTInterp/agents/llicti_agent.py:205
[INFO] - 2022-12-01 16:11:24,308 - Agent - : 413 512x768 bpsp= 4.104 Enc/Dec-Times:0.539/0.583 (Check: Decoded img matches original) in /media/research/DL-Pytorch-1/LearnedCompressionLLICTInterp/agents/llicti_agent.py:205
[INFO] - 2022-12-01 16:11:25,439 - Agent - : 414 510x768 bpsp= 3.587 Enc/Dec-Times:0.537/0.578 (Check: Decoded img matches original) in /media/research/DL-Pytorch-1/LearnedCompressionLLICTInterp/agents/llicti_agent.py:205
[INFO] - 2022-12-01 16:11:26,866 - Agent - : 415 512x768 bpsp= 2.819 Enc/Dec-Times:0.673/0.738 (Check: Decoded img matches original) in /media/research/DL-Pytorch-1/LearnedCompressionLLICTInterp/agents/llicti_agent.py:205
[INFO] - 2022-12-01 16:11:28,158 - Agent - : 416 508x768 bpsp= 3.378 Enc/Dec-Times:0.606/0.671 (Check: Decoded img matches original) in /media/research/DL-Pytorch-1/LearnedCompressionLLICTInterp/agents/llicti_agent.py:205
[INFO] - 2022-12-01 16:11:30,248 - Agent - : 417 577x768 bpsp= 5.615 Enc/Dec-Times:1.000/1.070 (Check: Decoded img matches original) in /media/research/DL-Pytorch-1/LearnedCompressionLLICTInterp/agents/llicti_agent.py:205
[INFO] - 2022-12-01 16:11:31,147 - Agent - : 418 576x768 bpsp= 1.695 Enc/Dec-Times:0.412/0.470 (Check: Decoded img matches original) in /media/research/DL-Pytorch-1/LearnedCompressionLLICTInterp/agents/llicti_agent.py:205
[INFO] - 2022-12-01 16:11:32,868 - Agent - : 419 574x768 bpsp= 3.103 Enc/Dec-Times:0.812/0.890 (Check: Decoded img matches original) in /media/research/DL-Pytorch-1/LearnedCompressionLLICTInterp/agents/llicti_agent.py:205
[INFO] - 2022-12-01 16:11:33,929 - Agent - : 420 576x768 bpsp= 2.064 Enc/Dec-Times:0.487/0.555 (Check: Decoded img matches original) in /media/research/DL-Pytorch-1/LearnedCompressionLLICTInterp/agents/llicti_agent.py:205
[INFO] - 2022-12-01 16:11:35,341 - Agent - : 421 576x768 bpsp= 1.929 Enc/Dec-Times:0.659/0.735 (Check: Decoded img matches original) in /media/research/DL-Pytorch-1/LearnedCompressionLLICTInterp/agents/llicti_agent.py:205
[INFO] - 2022-12-01 16:11:36,239 - Agent - : 422 512x768 bpsp= 2.359 Enc/Dec-Times:0.411/0.470 (Check: Decoded img matches original) in /media/research/DL-Pytorch-1/LearnedCompressionLLICTInterp/agents/llicti_agent.py:205
[INFO] - 2022-12-01 16:11:37,579 - Agent - : 423 512x768 bpsp= 2.678 Enc/Dec-Times:0.629/0.693 (Check: Decoded img matches original) in /media/research/DL-Pytorch-1/LearnedCompressionLLICTInterp/agents/llicti_agent.py:205
[INFO] - 2022-12-01 16:11:39,003 - Agent - : 424 578x768 bpsp= 2.092 Enc/Dec-Times:0.660/0.745 (Check: Decoded img matches original) in /media/research/DL-Pytorch-1/LearnedCompressionLLICTInterp/agents/llicti_agent.py:205
[INFO] - 2022-12-01 16:11:39,895 - Agent - : 425 768x543 bpsp= 1.570 Enc/Dec-Times:0.408/0.469 (Check: Decoded img matches original) in /media/research/DL-Pytorch-1/LearnedCompressionLLICTInterp/agents/llicti_agent.py:205
[INFO] - 2022-12-01 16:11:41,159 - Agent - : 426 510x768 bpsp= 3.023 Enc/Dec-Times:0.597/0.650 (Check: Decoded img matches original) in /media/research/DL-Pytorch-1/LearnedCompressionLLICTInterp/agents/llicti_agent.py:205
[INFO] - 2022-12-01 16:11:42,160 - Agent - : 427 571x768 bpsp= 2.497 Enc/Dec-Times:0.465/0.518 (Check: Decoded img matches original) in /media/research/DL-Pytorch-1/LearnedCompressionLLICTInterp/agents/llicti_agent.py:205
[INFO] - 2022-12-01 16:11:43,038 - Agent - : 428 432x768 bpsp= 2.616 Enc/Dec-Times:0.408/0.456 (Check: Decoded img matches original) in /media/research/DL-Pytorch-1/LearnedCompressionLLICTInterp/agents/llicti_agent.py:205
[INFO] - 2022-12-01 16:11:44,764 - Agent - : 429 768x768 bpsp= 1.510 Enc/Dec-Times:0.808/0.901 (Check: Decoded img matches original) in /media/research/DL-Pytorch-1/LearnedCompressionLLICTInterp/agents/llicti_agent.py:205
[INFO] - 2022-12-01 16:11:45,699 - Agent - : 430 512x768 bpsp= 2.919 Enc/Dec-Times:0.436/0.483 (Check: Decoded img matches original) in /media/research/DL-Pytorch-1/LearnedCompressionLLICTInterp/agents/llicti_agent.py:205
[INFO] - 2022-12-01 16:11:46,764 - Agent - : 431 768x576 bpsp= 2.079 Enc/Dec-Times:0.494/0.553 (Check: Decoded img matches original) in /media/research/DL-Pytorch-1/LearnedCompressionLLICTInterp/agents/llicti_agent.py:205
[INFO] - 2022-12-01 16:11:48,006 - Agent - : 432 512x768 bpsp= 2.077 Enc/Dec-Times:0.576/0.650 (Check: Decoded img matches original) in /media/research/DL-Pytorch-1/LearnedCompressionLLICTInterp/agents/llicti_agent.py:205
[INFO] - 2022-12-01 16:11:49,351 - Agent - : 433 512x768 bpsp= 2.562 Enc/Dec-Times:0.632/0.696 (Check: Decoded img matches original) in /media/research/DL-Pytorch-1/LearnedCompressionLLICTInterp/agents/llicti_agent.py:205
[INFO] - 2022-12-01 16:11:50,624 - Agent - : 434 512x768 bpsp= 2.763 Enc/Dec-Times:0.601/0.657 (Check: Decoded img matches original) in /media/research/DL-Pytorch-1/LearnedCompressionLLICTInterp/agents/llicti_agent.py:205
[INFO] - 2022-12-01 16:11:51,833 - Agent - : 435 576x768 bpsp= 2.744 Enc/Dec-Times:0.571/0.621 (Check: Decoded img matches original) in /media/research/DL-Pytorch-1/LearnedCompressionLLICTInterp/agents/llicti_agent.py:205
[INFO] - 2022-12-01 16:11:52,990 - Agent - : 436 768x576 bpsp= 2.086 Enc/Dec-Times:0.541/0.598 (Check: Decoded img matches original) in /media/research/DL-Pytorch-1/LearnedCompressionLLICTInterp/agents/llicti_agent.py:205
[INFO] - 2022-12-01 16:11:54,022 - Agent - : 437 576x768 bpsp= 1.177 Enc/Dec-Times:0.474/0.543 (Check: Decoded img matches original) in /media/research/DL-Pytorch-1/LearnedCompressionLLICTInterp/agents/llicti_agent.py:205
[INFO] - 2022-12-01 16:11:55,264 - Agent - : 438 768x497 bpsp= 2.305 Enc/Dec-Times:0.577/0.648 (Check: Decoded img matches original) in /media/research/DL-Pytorch-1/LearnedCompressionLLICTInterp/agents/llicti_agent.py:205
[INFO] - 2022-12-01 16:11:56,659 - Agent - : 439 768x576 bpsp= 3.816 Enc/Dec-Times:0.667/0.709 (Check: Decoded img matches original) in /media/research/DL-Pytorch-1/LearnedCompressionLLICTInterp/agents/llicti_agent.py:205
[INFO] - 2022-12-01 16:11:57,837 - Agent - : 440 576x768 bpsp= 2.896 Enc/Dec-Times:0.552/0.607 (Check: Decoded img matches original) in /media/research/DL-Pytorch-1/LearnedCompressionLLICTInterp/agents/llicti_agent.py:205
[INFO] - 2022-12-01 16:11:59,376 - Agent - : 441 576x768 bpsp= 4.067 Enc/Dec-Times:0.734/0.786 (Check: Decoded img matches original) in /media/research/DL-Pytorch-1/LearnedCompressionLLICTInterp/agents/llicti_agent.py:205
[INFO] - 2022-12-01 16:12:00,216 - Agent - : 442 768x568 bpsp= 1.884 Enc/Dec-Times:0.378/0.445 (Check: Decoded img matches original) in /media/research/DL-Pytorch-1/LearnedCompressionLLICTInterp/agents/llicti_agent.py:205
[INFO] - 2022-12-01 16:12:01,448 - Agent - : 443 512x768 bpsp= 4.152 Enc/Dec-Times:0.592/0.623 (Check: Decoded img matches original) in /media/research/DL-Pytorch-1/LearnedCompressionLLICTInterp/agents/llicti_agent.py:205
[INFO] - 2022-12-01 16:12:03,454 - Agent - : 444 768x768 bpsp= 2.116 Enc/Dec-Times:0.937/1.044 (Check: Decoded img matches original) in /media/research/DL-Pytorch-1/LearnedCompressionLLICTInterp/agents/llicti_agent.py:205
[INFO] - 2022-12-01 16:12:04,587 - Agent - : 445 428x768 bpsp= 3.712 Enc/Dec-Times:0.537/0.582 (Check: Decoded img matches original) in /media/research/DL-Pytorch-1/LearnedCompressionLLICTInterp/agents/llicti_agent.py:205
[INFO] - 2022-12-01 16:12:06,307 - Agent - : 446 661x768 bpsp= 1.997 Enc/Dec-Times:0.807/0.895 (Check: Decoded img matches original) in /media/research/DL-Pytorch-1/LearnedCompressionLLICTInterp/agents/llicti_agent.py:205
[INFO] - 2022-12-01 16:12:07,666 - Agent - : 447 768x768 bpsp= 1.746 Enc/Dec-Times:0.622/0.714 (Check: Decoded img matches original) in /media/research/DL-Pytorch-1/LearnedCompressionLLICTInterp/agents/llicti_agent.py:205
[INFO] - 2022-12-01 16:12:09,371 - Agent - : 448 576x768 bpsp= 2.964 Enc/Dec-Times:0.802/0.885 (Check: Decoded img matches original) in /media/research/DL-Pytorch-1/LearnedCompressionLLICTInterp/agents/llicti_agent.py:205
[INFO] - 2022-12-01 16:12:10,605 - Agent - : 449 521x768 bpsp= 2.212 Enc/Dec-Times:0.574/0.644 (Check: Decoded img matches original) in /media/research/DL-Pytorch-1/LearnedCompressionLLICTInterp/agents/llicti_agent.py:205
[INFO] - 2022-12-01 16:12:11,796 - Agent - : 450 632x768 bpsp= 2.593 Enc/Dec-Times:0.560/0.612 (Check: Decoded img matches original) in /media/research/DL-Pytorch-1/LearnedCompressionLLICTInterp/agents/llicti_agent.py:205
[INFO] - 2022-12-01 16:12:13,422 - Agent - : 451 768x576 bpsp= 4.480 Enc/Dec-Times:0.775/0.831 (Check: Decoded img matches original) in /media/research/DL-Pytorch-1/LearnedCompressionLLICTInterp/agents/llicti_agent.py:205
[INFO] - 2022-12-01 16:12:14,843 - Agent - : 452 574x768 bpsp= 2.132 Enc/Dec-Times:0.667/0.737 (Check: Decoded img matches original) in /media/research/DL-Pytorch-1/LearnedCompressionLLICTInterp/agents/llicti_agent.py:205
[INFO] - 2022-12-01 16:12:16,293 - Agent - : 453 576x768 bpsp= 3.540 Enc/Dec-Times:0.689/0.742 (Check: Decoded img matches original) in /media/research/DL-Pytorch-1/LearnedCompressionLLICTInterp/agents/llicti_agent.py:205
[INFO] - 2022-12-01 16:12:17,717 - Agent - : 454 576x768 bpsp= 2.986 Enc/Dec-Times:0.672/0.733 (Check: Decoded img matches original) in /media/research/DL-Pytorch-1/LearnedCompressionLLICTInterp/agents/llicti_agent.py:205
[INFO] - 2022-12-01 16:12:18,793 - Agent - : 455 574x768 bpsp= 2.577 Enc/Dec-Times:0.503/0.555 (Check: Decoded img matches original) in /media/research/DL-Pytorch-1/LearnedCompressionLLICTInterp/agents/llicti_agent.py:205
[INFO] - 2022-12-01 16:12:19,919 - Agent - : 456 576x768 bpsp= 2.026 Enc/Dec-Times:0.516/0.592 (Check: Decoded img matches original) in /media/research/DL-Pytorch-1/LearnedCompressionLLICTInterp/agents/llicti_agent.py:205
[INFO] - 2022-12-01 16:12:20,958 - Agent - : 457 494x768 bpsp= 1.739 Enc/Dec-Times:0.483/0.542 (Check: Decoded img matches original) in /media/research/DL-Pytorch-1/LearnedCompressionLLICTInterp/agents/llicti_agent.py:205
[INFO] - 2022-12-01 16:12:22,462 - Agent - : 458 768x511 bpsp= 3.358 Enc/Dec-Times:0.715/0.773 (Check: Decoded img matches original) in /media/research/DL-Pytorch-1/LearnedCompressionLLICTInterp/agents/llicti_agent.py:205
[INFO] - 2022-12-01 16:12:23,723 - Agent - : 459 514x768 bpsp= 3.930 Enc/Dec-Times:0.598/0.646 (Check: Decoded img matches original) in /media/research/DL-Pytorch-1/LearnedCompressionLLICTInterp/agents/llicti_agent.py:205
[INFO] - 2022-12-01 16:12:25,662 - Agent - : 460 768x641 bpsp= 3.515 Enc/Dec-Times:0.913/1.004 (Check: Decoded img matches original) in /media/research/DL-Pytorch-1/LearnedCompressionLLICTInterp/agents/llicti_agent.py:205
[INFO] - 2022-12-01 16:12:27,337 - Agent - : 461 512x768 bpsp= 3.151 Enc/Dec-Times:0.793/0.866 (Check: Decoded img matches original) in /media/research/DL-Pytorch-1/LearnedCompressionLLICTInterp/agents/llicti_agent.py:205
[INFO] - 2022-12-01 16:12:27,980 - Agent - : 462 335x768 bpsp= 2.344 Enc/Dec-Times:0.297/0.336 (Check: Decoded img matches original) in /media/research/DL-Pytorch-1/LearnedCompressionLLICTInterp/agents/llicti_agent.py:205
[INFO] - 2022-12-01 16:12:29,597 - Agent - : 463 614x768 bpsp= 3.003 Enc/Dec-Times:0.760/0.837 (Check: Decoded img matches original) in /media/research/DL-Pytorch-1/LearnedCompressionLLICTInterp/agents/llicti_agent.py:205
[INFO] - 2022-12-01 16:12:30,556 - Agent - : 464 768x768 bpsp= 1.038 Enc/Dec-Times:0.427/0.511 (Check: Decoded img matches original) in /media/research/DL-Pytorch-1/LearnedCompressionLLICTInterp/agents/llicti_agent.py:205
[INFO] - 2022-12-01 16:12:31,569 - Agent - : 465 768x768 bpsp= 2.091 Enc/Dec-Times:0.462/0.531 (Check: Decoded img matches original) in /media/research/DL-Pytorch-1/LearnedCompressionLLICTInterp/agents/llicti_agent.py:205
[INFO] - 2022-12-01 16:12:33,499 - Agent - : 466 768x596 bpsp= 2.084 Enc/Dec-Times:0.902/1.009 (Check: Decoded img matches original) in /media/research/DL-Pytorch-1/LearnedCompressionLLICTInterp/agents/llicti_agent.py:205
[INFO] - 2022-12-01 16:12:34,815 - Agent - : 467 512x768 bpsp= 2.481 Enc/Dec-Times:0.614/0.686 (Check: Decoded img matches original) in /media/research/DL-Pytorch-1/LearnedCompressionLLICTInterp/agents/llicti_agent.py:205
[INFO] - 2022-12-01 16:12:35,739 - Agent - : 468 568x768 bpsp= 2.381 Enc/Dec-Times:0.422/0.484 (Check: Decoded img matches original) in /media/research/DL-Pytorch-1/LearnedCompressionLLICTInterp/agents/llicti_agent.py:205
[INFO] - 2022-12-01 16:12:37,317 - Agent - : 469 576x768 bpsp= 3.368 Enc/Dec-Times:0.744/0.815 (Check: Decoded img matches original) in /media/research/DL-Pytorch-1/LearnedCompressionLLICTInterp/agents/llicti_agent.py:205
[INFO] - 2022-12-01 16:12:39,020 - Agent - : 470 574x768 bpsp= 5.129 Enc/Dec-Times:0.810/0.873 (Check: Decoded img matches original) in /media/research/DL-Pytorch-1/LearnedCompressionLLICTInterp/agents/llicti_agent.py:205
[INFO] - 2022-12-01 16:12:40,184 - Agent - : 471 576x768 bpsp= 2.219 Enc/Dec-Times:0.541/0.605 (Check: Decoded img matches original) in /media/research/DL-Pytorch-1/LearnedCompressionLLICTInterp/agents/llicti_agent.py:205
[INFO] - 2022-12-01 16:12:41,262 - Agent - : 472 602x768 bpsp= 2.298 Enc/Dec-Times:0.496/0.564 (Check: Decoded img matches original) in /media/research/DL-Pytorch-1/LearnedCompressionLLICTInterp/agents/llicti_agent.py:205
[INFO] - 2022-12-01 16:12:42,189 - Agent - : 473 362x768 bpsp= 2.418 Enc/Dec-Times:0.433/0.482 (Check: Decoded img matches original) in /media/research/DL-Pytorch-1/LearnedCompressionLLICTInterp/agents/llicti_agent.py:205
[INFO] - 2022-12-01 16:12:43,199 - Agent - : 474 576x768 bpsp= 2.030 Enc/Dec-Times:0.467/0.525 (Check: Decoded img matches original) in /media/research/DL-Pytorch-1/LearnedCompressionLLICTInterp/agents/llicti_agent.py:205
[INFO] - 2022-12-01 16:12:44,381 - Agent - : 475 576x768 bpsp= 1.749 Enc/Dec-Times:0.552/0.615 (Check: Decoded img matches original) in /media/research/DL-Pytorch-1/LearnedCompressionLLICTInterp/agents/llicti_agent.py:205
[INFO] - 2022-12-01 16:12:45,674 - Agent - : 476 576x768 bpsp= 3.195 Enc/Dec-Times:0.614/0.659 (Check: Decoded img matches original) in /media/research/DL-Pytorch-1/LearnedCompressionLLICTInterp/agents/llicti_agent.py:205
[INFO] - 2022-12-01 16:12:47,065 - Agent - : 477 512x768 bpsp= 2.828 Enc/Dec-Times:0.658/0.716 (Check: Decoded img matches original) in /media/research/DL-Pytorch-1/LearnedCompressionLLICTInterp/agents/llicti_agent.py:205
[INFO] - 2022-12-01 16:12:48,628 - Agent - : 478 768x519 bpsp= 3.200 Enc/Dec-Times:0.736/0.810 (Check: Decoded img matches original) in /media/research/DL-Pytorch-1/LearnedCompressionLLICTInterp/agents/llicti_agent.py:205
[INFO] - 2022-12-01 16:12:49,488 - Agent - : 479 512x768 bpsp= 2.106 Enc/Dec-Times:0.396/0.449 (Check: Decoded img matches original) in /media/research/DL-Pytorch-1/LearnedCompressionLLICTInterp/agents/llicti_agent.py:205
[INFO] - 2022-12-01 16:12:50,690 - Agent - : 480 768x768 bpsp= 1.630 Enc/Dec-Times:0.549/0.631 (Check: Decoded img matches original) in /media/research/DL-Pytorch-1/LearnedCompressionLLICTInterp/agents/llicti_agent.py:205
[INFO] - 2022-12-01 16:12:52,284 - Agent - : 481 512x768 bpsp= 2.384 Enc/Dec-Times:0.750/0.827 (Check: Decoded img matches original) in /media/research/DL-Pytorch-1/LearnedCompressionLLICTInterp/agents/llicti_agent.py:205
[INFO] - 2022-12-01 16:12:53,838 - Agent - : 482 512x768 bpsp= 4.527 Enc/Dec-Times:0.739/0.797 (Check: Decoded img matches original) in /media/research/DL-Pytorch-1/LearnedCompressionLLICTInterp/agents/llicti_agent.py:205
[INFO] - 2022-12-01 16:12:55,337 - Agent - : 483 576x768 bpsp= 2.692 Enc/Dec-Times:0.705/0.776 (Check: Decoded img matches original) in /media/research/DL-Pytorch-1/LearnedCompressionLLICTInterp/agents/llicti_agent.py:205
[INFO] - 2022-12-01 16:12:56,395 - Agent - : 484 560x768 bpsp= 1.584 Enc/Dec-Times:0.488/0.554 (Check: Decoded img matches original) in /media/research/DL-Pytorch-1/LearnedCompressionLLICTInterp/agents/llicti_agent.py:205
[INFO] - 2022-12-01 16:12:57,873 - Agent - : 485 768x576 bpsp= 1.983 Enc/Dec-Times:0.683/0.776 (Check: Decoded img matches original) in /media/research/DL-Pytorch-1/LearnedCompressionLLICTInterp/agents/llicti_agent.py:205
[INFO] - 2022-12-01 16:12:59,538 - Agent - : 486 576x768 bpsp= 3.656 Enc/Dec-Times:0.790/0.855 (Check: Decoded img matches original) in /media/research/DL-Pytorch-1/LearnedCompressionLLICTInterp/agents/llicti_agent.py:205
[INFO] - 2022-12-01 16:13:00,630 - Agent - : 487 576x768 bpsp= 1.183 Enc/Dec-Times:0.500/0.577 (Check: Decoded img matches original) in /media/research/DL-Pytorch-1/LearnedCompressionLLICTInterp/agents/llicti_agent.py:205
[INFO] - 2022-12-01 16:13:01,586 - Agent - : 488 431x768 bpsp= 4.834 Enc/Dec-Times:0.459/0.484 (Check: Decoded img matches original) in /media/research/DL-Pytorch-1/LearnedCompressionLLICTInterp/agents/llicti_agent.py:205
[INFO] - 2022-12-01 16:13:02,861 - Agent - : 489 576x768 bpsp= 2.896 Enc/Dec-Times:0.600/0.658 (Check: Decoded img matches original) in /media/research/DL-Pytorch-1/LearnedCompressionLLICTInterp/agents/llicti_agent.py:205
[INFO] - 2022-12-01 16:13:04,455 - Agent - : 490 768x576 bpsp= 3.437 Enc/Dec-Times:0.754/0.821 (Check: Decoded img matches original) in /media/research/DL-Pytorch-1/LearnedCompressionLLICTInterp/agents/llicti_agent.py:205
[INFO] - 2022-12-01 16:13:05,448 - Agent - : 491 576x768 bpsp= 2.100 Enc/Dec-Times:0.455/0.519 (Check: Decoded img matches original) in /media/research/DL-Pytorch-1/LearnedCompressionLLICTInterp/agents/llicti_agent.py:205
[INFO] - 2022-12-01 16:13:06,702 - Agent - : 492 576x768 bpsp= 2.885 Enc/Dec-Times:0.587/0.648 (Check: Decoded img matches original) in /media/research/DL-Pytorch-1/LearnedCompressionLLICTInterp/agents/llicti_agent.py:205
[INFO] - 2022-12-01 16:13:07,812 - Agent - : 493 768x512 bpsp= 2.731 Enc/Dec-Times:0.521/0.571 (Check: Decoded img matches original) in /media/research/DL-Pytorch-1/LearnedCompressionLLICTInterp/agents/llicti_agent.py:205
[INFO] - 2022-12-01 16:13:08,647 - Agent - : 494 576x768 bpsp= 1.259 Enc/Dec-Times:0.376/0.444 (Check: Decoded img matches original) in /media/research/DL-Pytorch-1/LearnedCompressionLLICTInterp/agents/llicti_agent.py:205
[INFO] - 2022-12-01 16:13:09,929 - Agent - : 495 576x768 bpsp= 2.555 Enc/Dec-Times:0.598/0.667 (Check: Decoded img matches original) in /media/research/DL-Pytorch-1/LearnedCompressionLLICTInterp/agents/llicti_agent.py:205
[INFO] - 2022-12-01 16:13:11,341 - Agent - : 496 576x768 bpsp= 3.834 Enc/Dec-Times:0.669/0.724 (Check: Decoded img matches original) in /media/research/DL-Pytorch-1/LearnedCompressionLLICTInterp/agents/llicti_agent.py:205
[INFO] - 2022-12-01 16:13:12,842 - Agent - : 497 768x768 bpsp= 3.133 Enc/Dec-Times:0.707/0.769 (Check: Decoded img matches original) in /media/research/DL-Pytorch-1/LearnedCompressionLLICTInterp/agents/llicti_agent.py:205
[INFO] - 2022-12-01 16:13:14,235 - Agent - : 498 576x768 bpsp= 3.180 Enc/Dec-Times:0.659/0.716 (Check: Decoded img matches original) in /media/research/DL-Pytorch-1/LearnedCompressionLLICTInterp/agents/llicti_agent.py:205
[INFO] - 2022-12-01 16:13:15,180 - Agent - : 499 768x576 bpsp= 2.053 Enc/Dec-Times:0.431/0.496 (Check: Decoded img matches original) in /media/research/DL-Pytorch-1/LearnedCompressionLLICTInterp/agents/llicti_agent.py:205
[INFO] - 2022-12-01 16:13:15,183 - Rate Loss - :    Test Epoch:   1  Rates: hdr -> 0.00+0.00+0.00(b0=0.000) 0.02+0.00+0.00(b1=0.024) 0.00+0.00+0.00(b2=0.000) (hd=0.024) 
                                   scl0-> 0.01+0.01+0.00(b0=0.016) 0.01+0.01+0.00(b1=0.015) 0.01+0.00+0.00(b2=0.015) (s0=0.045) 
                                   scl1-> 0.02+0.02+0.01(b0=0.056) 0.02+0.02+0.01(b1=0.052) 0.02+0.02+0.01(b2=0.052) (s1=0.160) 
                                   scl2-> 0.08+0.07+0.05(b0=0.200) 0.07+0.06+0.05(b1=0.179) 0.07+0.06+0.05(b2=0.176) (s2=0.554) 
                                   scl3-> 0.28+0.22+0.18(b0=0.683) 0.25+0.18+0.15(b1=0.586) 0.24+0.18+0.15(b2=0.575) (s3=1.844) 
                                   scl4-> 0.93+0.69+0.56(b0=2.189) 0.74+0.50+0.43(b1=1.668) 0.71+0.49+0.42(b2=1.618) (s4=5.475) ((8.102))  (16:13:15) in /media/research/DL-Pytorch-1/LearnedCompressionLLICTInterp/loggers/rate.py:168
[INFO] - 2022-12-01 16:13:15,183 - Agent - : Please wait while finalizing the operation.. Thank you in /media/research/DL-Pytorch-1/LearnedCompressionLLICTInterp/agents/base.py:147
[INFO] - 2022-12-20 10:15:27,316 - root - : The pipeline of the project will begin now. in /media/research/DL-Pytorch-1/LearnedCompressionLLICTInterp/utils/config.py:101
[INFO] - 2022-12-20 10:15:31,879 - Agent - : Loading checkpoint 'experiments/llicti_ppr3_mdl4gmm5_YCoCg_scl0tttt_mwsaSEP_Chs88_Lys3_E4O3_combnlyrs1tolF_clrjnt2_combsclT__ps160bs64x1_lr1/exp_0/checkpoints/model_best.pth.tar' in /media/research/DL-Pytorch-1/LearnedCompressionLLICTInterp/agents/base.py:54
[INFO] - 2022-12-20 10:15:32,293 - Agent - : Checkpoint loaded successfully from 'experiments/llicti_ppr3_mdl4gmm5_YCoCg_scl0tttt_mwsaSEP_Chs88_Lys3_E4O3_combnlyrs1tolF_clrjnt2_combsclT__ps160bs64x1_lr1/exp_0/checkpoints/' at (epoch 42) at (iteration 1795999) in /media/research/DL-Pytorch-1/LearnedCompressionLLICTInterp/agents/base.py:68
[INFO] - 2022-12-20 10:15:32,294 - Agent - : ------------------TOT---------------------------------------------- in /media/research/DL-Pytorch-1/LearnedCompressionLLICTInterp/agents/llicti_agent.py:236
[INFO] - 2022-12-20 10:15:32,294 - Agent - :  model param+buffer=total size: 0.750+0.000=0.750MB in /media/research/DL-Pytorch-1/LearnedCompressionLLICTInterp/agents/llicti_agent.py:237
[INFO] - 2022-12-20 10:15:32,294 - Agent - : ------------------END---------------------------------------------- in /media/research/DL-Pytorch-1/LearnedCompressionLLICTInterp/agents/llicti_agent.py:238
[INFO] - 2022-12-20 10:15:33,340 - Agent - :   0 512x768 bpsp= 1.431 Enc/Dec-Times:0.695/0.338 (Check: Decoded img matches original) in /media/research/DL-Pytorch-1/LearnedCompressionLLICTInterp/agents/llicti_agent.py:205
[INFO] - 2022-12-20 10:15:35,846 - Agent - :   1 768x768 bpsp= 2.368 Enc/Dec-Times:1.224/1.258 (Check: Decoded img matches original) in /media/research/DL-Pytorch-1/LearnedCompressionLLICTInterp/agents/llicti_agent.py:205
[INFO] - 2022-12-20 10:15:37,214 - Agent - :   2 768x576 bpsp= 1.680 Enc/Dec-Times:0.639/0.712 (Check: Decoded img matches original) in /media/research/DL-Pytorch-1/LearnedCompressionLLICTInterp/agents/llicti_agent.py:205
[INFO] - 2022-12-20 10:15:38,107 - Agent - :   3 514x768 bpsp= 1.753 Enc/Dec-Times:0.411/0.465 (Check: Decoded img matches original) in /media/research/DL-Pytorch-1/LearnedCompressionLLICTInterp/agents/llicti_agent.py:205
[INFO] - 2022-12-20 10:15:39,302 - Agent - :   4 576x768 bpsp= 2.723 Enc/Dec-Times:0.560/0.616 (Check: Decoded img matches original) in /media/research/DL-Pytorch-1/LearnedCompressionLLICTInterp/agents/llicti_agent.py:205
[INFO] - 2022-12-20 10:15:40,697 - Agent - :   5 576x768 bpsp= 2.288 Enc/Dec-Times:0.651/0.726 (Check: Decoded img matches original) in /media/research/DL-Pytorch-1/LearnedCompressionLLICTInterp/agents/llicti_agent.py:205
[INFO] - 2022-12-20 10:15:42,132 - Agent - :   6 768x538 bpsp= 2.134 Enc/Dec-Times:0.675/0.746 (Check: Decoded img matches original) in /media/research/DL-Pytorch-1/LearnedCompressionLLICTInterp/agents/llicti_agent.py:205
[INFO] - 2022-12-20 10:15:43,305 - Agent - :   7 576x768 bpsp= 2.538 Enc/Dec-Times:0.550/0.605 (Check: Decoded img matches original) in /media/research/DL-Pytorch-1/LearnedCompressionLLICTInterp/agents/llicti_agent.py:205
[INFO] - 2022-12-20 10:15:44,504 - Agent - :   8 768x653 bpsp= 3.225 Enc/Dec-Times:0.568/0.610 (Check: Decoded img matches original) in /media/research/DL-Pytorch-1/LearnedCompressionLLICTInterp/agents/llicti_agent.py:205
[INFO] - 2022-12-20 10:15:45,879 - Agent - :   9 576x768 bpsp= 2.705 Enc/Dec-Times:0.650/0.706 (Check: Decoded img matches original) in /media/research/DL-Pytorch-1/LearnedCompressionLLICTInterp/agents/llicti_agent.py:205
[INFO] - 2022-12-20 10:15:46,965 - Agent - :  10 768x576 bpsp= 3.028 Enc/Dec-Times:0.511/0.555 (Check: Decoded img matches original) in /media/research/DL-Pytorch-1/LearnedCompressionLLICTInterp/agents/llicti_agent.py:205
[INFO] - 2022-12-20 10:15:48,087 - Agent - :  11 576x768 bpsp= 2.629 Enc/Dec-Times:0.537/0.566 (Check: Decoded img matches original) in /media/research/DL-Pytorch-1/LearnedCompressionLLICTInterp/agents/llicti_agent.py:205
[INFO] - 2022-12-20 10:15:49,509 - Agent - :  12 536x768 bpsp= 3.363 Enc/Dec-Times:0.679/0.724 (Check: Decoded img matches original) in /media/research/DL-Pytorch-1/LearnedCompressionLLICTInterp/agents/llicti_agent.py:205
[INFO] - 2022-12-20 10:15:51,067 - Agent - :  13 510x768 bpsp= 3.875 Enc/Dec-Times:0.740/0.801 (Check: Decoded img matches original) in /media/research/DL-Pytorch-1/LearnedCompressionLLICTInterp/agents/llicti_agent.py:205
[INFO] - 2022-12-20 10:15:52,437 - Agent - :  14 512x768 bpsp= 2.754 Enc/Dec-Times:0.639/0.714 (Check: Decoded img matches original) in /media/research/DL-Pytorch-1/LearnedCompressionLLICTInterp/agents/llicti_agent.py:205
[INFO] - 2022-12-20 10:15:53,975 - Agent - :  15 574x768 bpsp= 2.821 Enc/Dec-Times:0.724/0.796 (Check: Decoded img matches original) in /media/research/DL-Pytorch-1/LearnedCompressionLLICTInterp/agents/llicti_agent.py:205
[INFO] - 2022-12-20 10:15:55,172 - Agent - :  16 768x624 bpsp= 1.915 Enc/Dec-Times:0.552/0.626 (Check: Decoded img matches original) in /media/research/DL-Pytorch-1/LearnedCompressionLLICTInterp/agents/llicti_agent.py:205
[INFO] - 2022-12-20 10:15:56,061 - Agent - :  17 418x768 bpsp= 3.530 Enc/Dec-Times:0.440/0.435 (Check: Decoded img matches original) in /media/research/DL-Pytorch-1/LearnedCompressionLLICTInterp/agents/llicti_agent.py:205
[INFO] - 2022-12-20 10:15:57,516 - Agent - :  18 765x768 bpsp= 1.806 Enc/Dec-Times:0.682/0.753 (Check: Decoded img matches original) in /media/research/DL-Pytorch-1/LearnedCompressionLLICTInterp/agents/llicti_agent.py:205
[INFO] - 2022-12-20 10:15:58,696 - Agent - :  19 768x576 bpsp= 2.036 Enc/Dec-Times:0.548/0.613 (Check: Decoded img matches original) in /media/research/DL-Pytorch-1/LearnedCompressionLLICTInterp/agents/llicti_agent.py:205
[INFO] - 2022-12-20 10:16:00,067 - Agent - :  20 576x768 bpsp= 2.757 Enc/Dec-Times:0.639/0.713 (Check: Decoded img matches original) in /media/research/DL-Pytorch-1/LearnedCompressionLLICTInterp/agents/llicti_agent.py:205
[INFO] - 2022-12-20 10:16:01,132 - Agent - :  21 576x768 bpsp= 2.496 Enc/Dec-Times:0.490/0.556 (Check: Decoded img matches original) in /media/research/DL-Pytorch-1/LearnedCompressionLLICTInterp/agents/llicti_agent.py:205
[INFO] - 2022-12-20 10:16:02,747 - Agent - :  22 576x768 bpsp= 2.250 Enc/Dec-Times:0.756/0.842 (Check: Decoded img matches original) in /media/research/DL-Pytorch-1/LearnedCompressionLLICTInterp/agents/llicti_agent.py:205
[INFO] - 2022-12-20 10:16:03,942 - Agent - :  23 512x768 bpsp= 2.782 Enc/Dec-Times:0.558/0.619 (Check: Decoded img matches original) in /media/research/DL-Pytorch-1/LearnedCompressionLLICTInterp/agents/llicti_agent.py:205
[INFO] - 2022-12-20 10:16:05,347 - Agent - :  24 462x768 bpsp= 3.785 Enc/Dec-Times:0.663/0.727 (Check: Decoded img matches original) in /media/research/DL-Pytorch-1/LearnedCompressionLLICTInterp/agents/llicti_agent.py:205
[INFO] - 2022-12-20 10:16:06,495 - Agent - :  25 480x768 bpsp= 3.079 Enc/Dec-Times:0.541/0.592 (Check: Decoded img matches original) in /media/research/DL-Pytorch-1/LearnedCompressionLLICTInterp/agents/llicti_agent.py:205
[INFO] - 2022-12-20 10:16:07,670 - Agent - :  26 576x768 bpsp= 2.445 Enc/Dec-Times:0.544/0.613 (Check: Decoded img matches original) in /media/research/DL-Pytorch-1/LearnedCompressionLLICTInterp/agents/llicti_agent.py:205
[INFO] - 2022-12-20 10:16:09,032 - Agent - :  27 576x768 bpsp= 2.386 Enc/Dec-Times:0.636/0.709 (Check: Decoded img matches original) in /media/research/DL-Pytorch-1/LearnedCompressionLLICTInterp/agents/llicti_agent.py:205
[INFO] - 2022-12-20 10:16:10,095 - Agent - :  28 768x557 bpsp= 2.352 Enc/Dec-Times:0.491/0.554 (Check: Decoded img matches original) in /media/research/DL-Pytorch-1/LearnedCompressionLLICTInterp/agents/llicti_agent.py:205
[INFO] - 2022-12-20 10:16:11,708 - Agent - :  29 512x768 bpsp= 2.874 Enc/Dec-Times:0.763/0.834 (Check: Decoded img matches original) in /media/research/DL-Pytorch-1/LearnedCompressionLLICTInterp/agents/llicti_agent.py:205
[INFO] - 2022-12-20 10:16:12,907 - Agent - :  30 576x768 bpsp= 2.156 Enc/Dec-Times:0.561/0.619 (Check: Decoded img matches original) in /media/research/DL-Pytorch-1/LearnedCompressionLLICTInterp/agents/llicti_agent.py:205
[INFO] - 2022-12-20 10:16:14,194 - Agent - :  31 576x768 bpsp= 2.709 Enc/Dec-Times:0.605/0.664 (Check: Decoded img matches original) in /media/research/DL-Pytorch-1/LearnedCompressionLLICTInterp/agents/llicti_agent.py:205
[INFO] - 2022-12-20 10:16:15,421 - Agent - :  32 576x768 bpsp= 1.718 Enc/Dec-Times:0.569/0.640 (Check: Decoded img matches original) in /media/research/DL-Pytorch-1/LearnedCompressionLLICTInterp/agents/llicti_agent.py:205
[INFO] - 2022-12-20 10:16:16,157 - Agent - :  33 427x768 bpsp= 1.742 Enc/Dec-Times:0.333/0.390 (Check: Decoded img matches original) in /media/research/DL-Pytorch-1/LearnedCompressionLLICTInterp/agents/llicti_agent.py:205
[INFO] - 2022-12-20 10:16:17,673 - Agent - :  34 768x768 bpsp= 1.866 Enc/Dec-Times:0.704/0.789 (Check: Decoded img matches original) in /media/research/DL-Pytorch-1/LearnedCompressionLLICTInterp/agents/llicti_agent.py:205
[INFO] - 2022-12-20 10:16:18,630 - Agent - :  35 510x768 bpsp= 2.859 Enc/Dec-Times:0.471/0.470 (Check: Decoded img matches original) in /media/research/DL-Pytorch-1/LearnedCompressionLLICTInterp/agents/llicti_agent.py:205
[INFO] - 2022-12-20 10:16:20,086 - Agent - :  36 768x512 bpsp= 3.010 Enc/Dec-Times:0.683/0.755 (Check: Decoded img matches original) in /media/research/DL-Pytorch-1/LearnedCompressionLLICTInterp/agents/llicti_agent.py:205
[INFO] - 2022-12-20 10:16:21,379 - Agent - :  37 576x768 bpsp= 3.171 Enc/Dec-Times:0.613/0.664 (Check: Decoded img matches original) in /media/research/DL-Pytorch-1/LearnedCompressionLLICTInterp/agents/llicti_agent.py:205
[INFO] - 2022-12-20 10:16:22,419 - Agent - :  38 576x768 bpsp= 2.632 Enc/Dec-Times:0.482/0.539 (Check: Decoded img matches original) in /media/research/DL-Pytorch-1/LearnedCompressionLLICTInterp/agents/llicti_agent.py:205
[INFO] - 2022-12-20 10:16:23,399 - Agent - :  39 768x536 bpsp= 1.540 Enc/Dec-Times:0.450/0.514 (Check: Decoded img matches original) in /media/research/DL-Pytorch-1/LearnedCompressionLLICTInterp/agents/llicti_agent.py:205
[INFO] - 2022-12-20 10:16:25,078 - Agent - :  40 512x768 bpsp= 3.154 Enc/Dec-Times:0.795/0.869 (Check: Decoded img matches original) in /media/research/DL-Pytorch-1/LearnedCompressionLLICTInterp/agents/llicti_agent.py:205
[INFO] - 2022-12-20 10:16:26,258 - Agent - :  41 576x768 bpsp= 2.410 Enc/Dec-Times:0.553/0.609 (Check: Decoded img matches original) in /media/research/DL-Pytorch-1/LearnedCompressionLLICTInterp/agents/llicti_agent.py:205
[INFO] - 2022-12-20 10:16:27,274 - Agent - :  42 576x768 bpsp= 2.086 Enc/Dec-Times:0.473/0.525 (Check: Decoded img matches original) in /media/research/DL-Pytorch-1/LearnedCompressionLLICTInterp/agents/llicti_agent.py:205
[INFO] - 2022-12-20 10:16:28,274 - Agent - :  43 768x510 bpsp= 3.422 Enc/Dec-Times:0.474/0.510 (Check: Decoded img matches original) in /media/research/DL-Pytorch-1/LearnedCompressionLLICTInterp/agents/llicti_agent.py:205
[INFO] - 2022-12-20 10:16:29,667 - Agent - :  44 511x768 bpsp= 3.367 Enc/Dec-Times:0.664/0.715 (Check: Decoded img matches original) in /media/research/DL-Pytorch-1/LearnedCompressionLLICTInterp/agents/llicti_agent.py:205
[INFO] - 2022-12-20 10:16:31,977 - Agent - :  45 768x658 bpsp= 3.346 Enc/Dec-Times:1.093/1.196 (Check: Decoded img matches original) in /media/research/DL-Pytorch-1/LearnedCompressionLLICTInterp/agents/llicti_agent.py:205
[INFO] - 2022-12-20 10:16:33,082 - Agent - :  46 576x768 bpsp= 1.915 Enc/Dec-Times:0.508/0.578 (Check: Decoded img matches original) in /media/research/DL-Pytorch-1/LearnedCompressionLLICTInterp/agents/llicti_agent.py:205
[INFO] - 2022-12-20 10:16:34,171 - Agent - :  47 768x512 bpsp= 2.169 Enc/Dec-Times:0.509/0.565 (Check: Decoded img matches original) in /media/research/DL-Pytorch-1/LearnedCompressionLLICTInterp/agents/llicti_agent.py:205
[INFO] - 2022-12-20 10:16:35,081 - Agent - :  48 512x768 bpsp= 1.952 Enc/Dec-Times:0.420/0.474 (Check: Decoded img matches original) in /media/research/DL-Pytorch-1/LearnedCompressionLLICTInterp/agents/llicti_agent.py:205
[INFO] - 2022-12-20 10:16:36,515 - Agent - :  49 547x768 bpsp= 4.181 Enc/Dec-Times:0.683/0.732 (Check: Decoded img matches original) in /media/research/DL-Pytorch-1/LearnedCompressionLLICTInterp/agents/llicti_agent.py:205
[INFO] - 2022-12-20 10:16:37,616 - Agent - :  50 576x768 bpsp= 2.491 Enc/Dec-Times:0.511/0.572 (Check: Decoded img matches original) in /media/research/DL-Pytorch-1/LearnedCompressionLLICTInterp/agents/llicti_agent.py:205
[INFO] - 2022-12-20 10:16:39,038 - Agent - :  51 576x768 bpsp= 2.251 Enc/Dec-Times:0.660/0.743 (Check: Decoded img matches original) in /media/research/DL-Pytorch-1/LearnedCompressionLLICTInterp/agents/llicti_agent.py:205
[INFO] - 2022-12-20 10:16:40,284 - Agent - :  52 510x768 bpsp= 3.116 Enc/Dec-Times:0.585/0.643 (Check: Decoded img matches original) in /media/research/DL-Pytorch-1/LearnedCompressionLLICTInterp/agents/llicti_agent.py:205
[INFO] - 2022-12-20 10:16:41,414 - Agent - :  53 512x768 bpsp= 2.148 Enc/Dec-Times:0.524/0.590 (Check: Decoded img matches original) in /media/research/DL-Pytorch-1/LearnedCompressionLLICTInterp/agents/llicti_agent.py:205
[INFO] - 2022-12-20 10:16:43,013 - Agent - :  54 559x768 bpsp= 4.173 Enc/Dec-Times:0.761/0.819 (Check: Decoded img matches original) in /media/research/DL-Pytorch-1/LearnedCompressionLLICTInterp/agents/llicti_agent.py:205
[INFO] - 2022-12-20 10:16:44,736 - Agent - :  55 768x576 bpsp= 2.472 Enc/Dec-Times:0.812/0.891 (Check: Decoded img matches original) in /media/research/DL-Pytorch-1/LearnedCompressionLLICTInterp/agents/llicti_agent.py:205
